Build Path: /home/zhangyong/P0/Work_P08163/P08163_git/alps
Build Branch: C732I_ZX_6562
Build Time: 2019-10-15 19:49
Build Author:zhangyong
Build Server:192.168.122.186


out/target/product/tb8163p3_64_bsp/system/data/misc
out/target/product/tb8163p3_64_bsp/

commit 0d48348dec8b7d8552f6915ff000296cbcde0de8
Author: 张涌 <zhangyong@joyargroup.com>
Date:   Sat Oct 12 16:25:22 2019 +0800

    版本更新:ONA19TB003_20191012

commit 1d81323038ac5b516ee1e3921d38f61fdd461d86
Author: 张涌 <zhangyong@joyargroup.com>
Date:   Wed Oct 9 18:35:27 2019 +0800

    客制apk更新

commit 418362eb247598dc5efb3d1224fc5d8a85106b72
Author: 张涌 <zhangyong@joyargroup.com>
Date:   Sat Oct 12 09:40:17 2019 +0800

    版本更新：ONA19TB003_20191011

commit 897df6e8e99765555c4574e5e830cada63ef113b
Author: 张涌 <zhangyong@joyargroup.com>
Date:   Sat Oct 12 09:39:50 2019 +0800

    fingerprint：1570788406

commit eae3d1a3705e1ea30b8315994b4883c07092ae3c
Author: 张涌 <zhangyong@joyargroup.com>
Date:   Sat Oct 12 09:38:41 2019 +0800

    SMR认证修改

commit b7987d0b44550eb560f0df0284867234874b5d4f
Author: 张涌 <zhangyong@joyargroup.com>
Date:   Thu Oct 10 10:55:14 2019 +0800

    横竖屏切换黑屏问题

commit a88c48ecf2a66386654403392f5edc325ad0fccb
Author: xuchen <chen.xu@joyargroup.com>
Date:   Sun Sep 29 16:16:33 2019 +0800

    MTK patch: t-alps-release-p0.mp6-V1.155

commit 036d191c67c412fc73711a8c2a25b0006c6f7b63
Author: xuchen <chen.xu@joyargroup.com>
Date:   Mon Sep 2 19:54:45 2019 +0800

    MTK patch: t-alps-release-p0.mp6-V1.144.1
    
    Conflicts:
    	kernel-4.4/drivers/misc/mediatek/imgsensor/src/mt8167/kd_sensorlist.c

commit 9e70b5feea100890bd0c7062ad8c7640bbca0cea
Author: 张涌 <zhangyong@joyargroup.com>
Date:   Tue Aug 20 09:31:30 2019 +0800

    版本号更新：ONA19TB003_20190819

commit 3d9cbd8b0011009f5b09a697c24a932efcc9e951
Author: 张涌 <zhangyong@joyargroup.com>
Date:   Tue Aug 20 09:30:53 2019 +0800

    分区默认修改

commit 7d4817f6827c83e06bfd434d3d8fe4c4732a2a10
Author: 张涌 <zhangyong@joyargroup.com>
Date:   Tue Aug 20 09:29:33 2019 +0800

    fingerprint锁定：1566207160

commit e5069335f2fadba2acf10e10d21cd5058565f525
Author: 张涌 <zhangyong@joyargroup.com>
Date:   Mon Aug 19 17:24:11 2019 +0800

    Revert "OTA壁纸升级替换失败问题"
    
    This reverts commit 05591b8dea6f041110f54e7569011f3be9008154.

commit 6ebfd8456d7b474e3d380b5bbe916bdf426c6090
Author: 张涌 <zhangyong@joyargroup.com>
Date:   Mon Aug 19 17:22:59 2019 +0800

    SMR修改

commit 4bb259d65c3278001f91fc84c38532099105f8d7
Author: 张涌 <zhangyong@joyargroup.com>
Date:   Mon Aug 19 17:22:28 2019 +0800

    fingerprint解除锁定

commit 4027690a0df91927212ea3b8fda423f817470d7f
Author: 张涌 <zhangyong@joyargroup.com>
Date:   Mon Aug 19 17:20:53 2019 +0800

    默认修改MTK_FAN5405_SUPPORT MTK_MT6323_SUPPORT

commit 95c5bced54d094255acae9be0fa453dd0cb14319
Author: xuchen <chen.xu@joyargroup.com>
Date:   Fri Jul 5 18:54:52 2019 +0800

    DDR: C732I&C806I add SUTJ9A7ZZ5D7DKFRL_PA076_PA077  EMI_CLK=1333
    
    Conflicts:
    	device/mediateksample/tb8163p3_64_bsp/mid/C732I/custom_MemoryDevice.h
    	device/mediateksample/tb8163p3_64_bsp/mid/C732I_101/custom_MemoryDevice.h
    	vendor/mediatek/proprietary/bootable/bootloader/preloader/tools/emigen/MT8163/MemoryDeviceList_MT8163.xls

commit 74016b25dab8d0b7fd82c445d52d48fa43a49f82
Author: hefengcai <hefengcai@joyargroup.com>
Date:   Tue Jun 18 11:27:38 2019 +0800

    固定EMMC大小16GB

commit c94a46eb17d93cc6d7d68952957e34a64e91ab84
Author: xuchen <chen.xu@joyargroup.com>
Date:   Mon Aug 5 16:13:55 2019 +0800

    MTK patch: t-alps-release-p0.mp6-V1.134

commit 9f92a69e342bc170a6a19922a49c8a8b8a5c93a9
Author: xuchen <chen.xu@joyargroup.com>
Date:   Tue Jul 2 14:27:26 2019 +0800

    MTK patch: t-alps-release-p0.mp6-V1.121

commit 54f1f389806d0d6140c21138dcd93faf5c2877ba
Author: xuchen <chen.xu@joyargroup.com>
Date:   Wed Jun 19 11:45:19 2019 +0800

    MTK patch: t-alps-release-p0.mp6-V1.115

commit 1df46d26b25e29b2b3c0e903e03a3e2e19f7c0c2
Author: xuchen <chen.xu@joyargroup.com>
Date:   Sat Jun 1 11:36:50 2019 +0800

    MTK patch: t-alps-release-p0.mp6-V1.111

commit 6df31acb29ff280ffda9a4b79e879da689218774
Author: xuchen <chen.xu@joyargroup.com>
Date:   Wed May 22 22:23:03 2019 +0800

    MTK patch: t-alps-release-p0.mp6-V1.104

commit 8665de1e03d06f7eeaabda85683c264a9c4ca612
Author: xuchen <chen.xu@joyargroup.com>
Date:   Mon May 20 14:23:01 2019 +0800

    MTK patch: t-alps-release-p0.mp6-V1.95
    
    Conflicts:
    	vendor/mediatek/proprietary/packages/apps/Camera2/common/src/com/mediatek/camera/common/mode/CameraModeBase.java

commit 4c7fd6f4e27ad99628fb64ae4a8809f6d4f12617
Author: xuchen <chen.xu@joyargroup.com>
Date:   Wed Apr 10 19:19:55 2019 +0800

    MTK patch: t-alps-release-p0.mp6-V1.84
    
    Conflicts:
    	vendor/mediatek/proprietary/buildinfo/label.ini

commit b1537cdf54b2385eebdc892a261aa16714e67af1
Author: hefengcai <hefengcai@joyargroup.com>
Date:   Thu May 16 13:51:19 2019 +0800

    Release Version:ONA19TB003_20190516

commit 59f85973dbaf51c6eff21ee6c4bb31f47c823442
Author: hefengcai <hefengcai@joyargroup.com>
Date:   Wed May 15 17:52:50 2019 +0800

    Release Version:ONA19TB003_20190515

commit c9e254c425fa5c5b7328e4d195307c2ae661dfea
Author: hefengcai <hefengcai@joyargroup.com>
Date:   Wed May 15 17:50:25 2019 +0800

    1.Camera ITS Test fail: Camera 1, Scene 0
    2.更改前后摄FOV

commit e887965759bf6f205bb61a89713f61c9378d988d
Author: hefengcai <hefengcai@joyargroup.com>
Date:   Fri May 10 20:25:00 2019 +0800

    Release Version:ONA19TB003_20190510

commit 615e006bbe82b05a0dea20b4e197e45cd94565f8
Author: hefengcai <hefengcai@joyargroup.com>
Date:   Fri May 10 20:23:42 2019 +0800

    BUILD_NUMBER_FROM_FILE = 1557481597

commit ae80c75efe1ab5b5a0539df4e73a7a6e4d18dcf4
Author: hefengcai <hefengcai@joyargroup.com>
Date:   Fri May 10 17:22:16 2019 +0800

    Revert 导航栏沃尔玛火花图标替换

commit d1661ef467aea36fea6bcb68278e9e0c47bdedbd
Author: hefengcai <hefengcai@joyargroup.com>
Date:   Wed May 8 21:12:38 2019 +0800

    Release Version:ONA19TB003_20190508

commit 88b6d89a52d15c8244e3b8867a7d92e55761c114
Author: hefengcai <hefengcai@joyargroup.com>
Date:   Wed May 8 17:12:45 2019 +0800

    更改替换默认launcher为SearchLauncherQuickStep

commit 1c4bf4c8e6d4b59d49cb2efe25895a162b7bfcbe
Author: hefengcai <hefengcai@joyargroup.com>
Date:   Wed May 8 15:52:26 2019 +0800

    Revert "launcher3:searchbox移置hotseat上"
    
    This reverts commit 4773a4f80a7f0fa08689c9d0add718c980734fdb.
    
    Conflicts:
    	vendor/mediatek/proprietary/packages/apps/Launcher3/res/layout/search_container_workspace.xml
    	vendor/mediatek/proprietary/packages/apps/Launcher3/res/values/strings.xml
    	vendor/mediatek/proprietary/packages/apps/Launcher3/src/com/android/launcher3/qsb/HotseatQsbWidget.java

commit 05591b8dea6f041110f54e7569011f3be9008154
Author: hefengcai <hefengcai@joyargroup.com>
Date:   Mon May 6 21:43:25 2019 +0800

    OTA壁纸升级替换失败问题

commit 7690a3c4931b8c563acbb324309f1ddd048e0709
Author: huangpei <huangpei@joyargroup.com>
Date:   Tue May 7 21:25:53 2019 +0800

    更新DDR SMTJ96RZZ5D6JKFRL-107BT_JZ008_PA040
    
    Conflicts:
    	device/mediateksample/tb8163p3_64_bsp/mid/C732I_101/custom_MemoryDevice.h

commit 18394fa8e1445341cd50145605f014054bd6afcd
Author: hefengcai <hefengcai@joyargroup.com>
Date:   Sat May 4 19:41:58 2019 +0800

    Release Version:ONA19TB003_20190504

commit 6efddbc2a76571720bd617e25fd5187a2decb254
Author: tongjun <tongjun@joyargroup.com>
Date:   Sun May 5 10:49:19 2019 +0800

    MT8163:增加新兼容DDR物料 H9TQ17ABJTCCURKUM_B22A_2G16G_Rev TFPCB3SAANBD_814
    
    Conflicts:
    	device/mediateksample/tb8163p3_64_bsp/mid/C732I_101/custom_MemoryDevice.h
    	vendor/mediatek/proprietary/bootable/bootloader/preloader/tools/emigen/MT8163/MemoryDeviceList_MT8163.xls

commit 96a16339d5ea61c972e106f10010d111df498230
Author: hefengcai <hefengcai@joyargroup.com>
Date:   Sat May 4 19:40:58 2019 +0800

    固定FINGERPRINT:1556964699

commit 393953ab87ac215605ce1389aea4768405f9543c
Author: zhuangwf <wenfang.zhuang@szroco.com>
Date:   Tue Apr 30 14:26:29 2019 +0800

    launcher3:searchbox 改为彩色

commit 28ba3a61c547895dfd9370309597240c52a10f9c
Author: hefengcai <hefengcai@joyargroup.com>
Date:   Sat May 4 14:19:17 2019 +0800

    Revert "解决竖屏apk反向问题"
    
    This reverts commit db110c540155dc75a91dc3c77e13138488375287.

commit 7205810582eee1050befbf6d9c2e58ba6a0e3c55
Author: hefengcai <hefengcai@joyargroup.com>
Date:   Sat May 4 14:18:23 2019 +0800

    Revert "Camera竖屏按钮反向问题"
    
    This reverts commit fe6f835e3de88286b7df6e5b7745ccfaacae6520.

commit 9abd52d76e0c81c3d502e2b0a6cee846975ae085
Author: hefengcai <hefengcai@joyargroup.com>
Date:   Sat May 4 14:17:36 2019 +0800

    Revert "1.第三方apk调用camera方向不对问题：hangsout,facebook,YouTube,Duo,Line,Skype,TikTok,WhatssAPP,Messenger,Twitter,Instagram,Snachat,weChat"
    
    This reverts commit 022b5b33a18a1283f17bf2b593720b1607d77a38.

commit a1e5d9eb53d06a4181d56d115020d95862f0b330
Author: zhuangwf <wenfang.zhuang@szroco.com>
Date:   Tue Apr 30 10:05:34 2019 +0800

    GTS fail
    GtsPermissionTestCases
    com.google.android.permission.gts.DefaultPermissionGrantPolicyTest#testDefaultGrantsWithRemoteExceptions

commit 1dc747e8c783420d8f10c11a1ce1409cf0a7281f
Author: zhuangwf <wenfang.zhuang@szroco.com>
Date:   Tue Apr 30 09:59:26 2019 +0800

    GTS fail
    GtsAssistantHostTestCases
    com.google.android.assistant.gts.AssistantTest#testAssistantOpenFrontCamera
    com.google.android.assistant.gts.AssistantTest#testAssistantTakeSelfieWithoutVoiceInteraction

commit 4e5000873c6c0452aa0b8ba16714adaa224f4b28
Author: zhuangwf <wenfang.zhuang@szroco.com>
Date:   Mon Apr 29 16:08:16 2019 +0800

    虚拟按键栏显示错位
    
    Conflicts:
    	vendor/mediatek/proprietary/packages/apps/SystemUI/res/values-sw372dp/config.xml
    	vendor/mediatek/proprietary/packages/apps/SystemUI/res/values-sw600dp/config.xml
    	vendor/mediatek/proprietary/packages/apps/SystemUI/res/values-sw900dp/config.xml
    	vendor/mediatek/proprietary/packages/apps/SystemUI/res/values/config.xml

commit 5a21f6faa68b0d8a1b652c8f1caf8e3b603c721d
Author: zhuangwf <wenfang.zhuang@szroco.com>
Date:   Mon Apr 29 15:53:27 2019 +0800

    GTS FAIL:For_joya_sz_p0mp6_alps-mp-p0.mp6-V1.78_TMP1 ALPS04379764
    GtsNotificationTestCases
    com.google.android.app.notification.gts.NotificationManagerTest#testGetChannelGroups
    GtsMediaTestCases
    com.google.android.media.gts.MediaDrmTest#testUsageTableCapacity
    (run gts -m GtsMediaTestCases --test com.google.android.media.gts.MediaDrmTest
      --module-arg "GtsMediaTestCases:test-timeout:3600000")

commit 022b5b33a18a1283f17bf2b593720b1607d77a38
Author: hefengcai <hefengcai@joyargroup.com>
Date:   Wed Apr 24 09:01:07 2019 +0800

    1.第三方apk调用camera方向不对问题：hangsout,facebook,YouTube,Duo,Line,Skype,TikTok,WhatssAPP,Messenger,Twitter,Instagram,Snachat,weChat
    Release Version:ONA19TB003_20190423

commit 263eaf5f8e271e6717fde23a04dbf8c4125356b8
Author: hefengcai <hefengcai@joyargroup.com>
Date:   Tue Apr 23 13:46:04 2019 +0800

    camera2去除闪光灯图标

commit dde9167f32d4b7d47485da1a8d32185f285c8bc4
Author: hefengcai <hefengcai@joyargroup.com>
Date:   Tue Apr 23 13:44:49 2019 +0800

    播放音乐过程中插入四段耳机概率性暂停问题

commit 7f9c6f2e03d7192d2fd879e7f8a7c9e4ec1186fe
Author: hefengcai <hefengcai@joyargroup.com>
Date:   Mon Apr 22 15:17:17 2019 +0800

    恢复出厂设置卡logo问题

commit 53efcf64c8dabf664b33af3fbba47f0e9fb1d2c9
Author: hefengcai <hefengcai@joyargroup.com>
Date:   Fri Apr 19 10:28:55 2019 +0800

    Revert "Fix 插入耳机概率引起音乐播放暂停的问题"
    
    This reverts commit 335d566703f90ee17be48e77f4f8a6135dedfb54.

commit fe6f835e3de88286b7df6e5b7745ccfaacae6520
Author: hefengcai <hefengcai@joyargroup.com>
Date:   Tue Apr 16 14:25:25 2019 +0800

    Camera竖屏按钮反向问题

commit 047c2adf2def4e80e066c46aa431c161562c1fa4
Author: hefengcai <hefengcai@joyargroup.com>
Date:   Fri Apr 12 11:13:44 2019 +0800

    1.沃尔玛app名称显示不完整问题
    2.导航栏沃尔玛火花图标替换

commit db110c540155dc75a91dc3c77e13138488375287
Author: hefengcai <hefengcai@joyargroup.com>
Date:   Thu Apr 11 17:04:40 2019 +0800

    解决竖屏apk反向问题

commit d1c3f8553d52a0193cd9063c12060823a524891e
Author: hefengcai <hefengcai@joyargroup.com>
Date:   Wed Apr 10 14:54:34 2019 +0800

    add ro.build.product=ONA19TB003

commit bf9f62ce8bbda14b5292dab07feeae18be20f31c
Author: hefengcai <hefengcai@joyargroup.com>
Date:   Mon Apr 8 15:33:40 2019 +0800

    BUILD_NUMBER_FROM_FILE = 1553586624

commit 7bd25457b6c667d3ebba0a8717bc70358bfe4ee9
Author: zhuangwf <wenfang.zhuang@szroco.com>
Date:   Wed Apr 3 12:00:34 2019 +0800

    GSI fail:
    CtsCameraTestCases
    android.hardware.cts.CameraTest#testJpegExif
    android.hardware.cts.CameraTest#testVideoSnapshot

commit 4b14770b7b9b97dae67b58ae4ad140575876f5af
Author: zhuangwf <wenfang.zhuang@szroco.com>
Date:   Thu Apr 4 09:27:04 2019 +0800

    gms version:ro.com.google.gmsversion=9_201903

commit ba24f6e701bbc0f07c06bcfac94887ddf88a7236
Author: hefengcai <hefengcai@joyargroup.com>
Date:   Mon Apr 8 10:46:16 2019 +0800

    build.prop:add ro.build.product=ONA19TB003

commit 4c84de49aacd2c198ea953f1b9d7f8311abc4c90
Author: hefengcai <hefengcai@joyargroup.com>
Date:   Wed Mar 27 09:03:01 2019 +0800

    Release Version:ONA19TB003_20190326
    BUILD_NUMBER_FROM_FILE = 1553486581

commit 2089a37a2a972f7a802df58f05341c8fcc6610b4
Author: xuchen <chen.xu@joyargroup.com>
Date:   Mon Mar 25 17:13:24 2019 +0800

    MTK patch: t-alps-release-p0.mp6-V1.78

commit f41665f7dc27d8a8319570d0e5597eed180571c0
Author: hefengcai <hefengcai@joyargroup.com>
Date:   Tue Mar 26 08:59:31 2019 +0800

    Release Version:ONA19TB003_20190325

commit a9841e5a75a82bdd141dd2b1cd17fff2411208f5
Author: xuchen <chen.xu@joyargroup.com>
Date:   Mon Mar 25 15:06:05 2019 +0800

    G-sensor: Mir3d use accel.bma.orientation

commit 54c36b30cac70d1c64dd8c385569e04a604076f0
Author: hefengcai <hefengcai@joyargroup.com>
Date:   Mon Mar 25 15:20:03 2019 +0800

    更新壁纸

commit d841eb062723ecbd04a97da1a9e7962a6bfc075f
Author: huangpei <huangpei@joyargroup.com>
Date:   Thu Mar 21 11:54:14 2019 +0800

    更细DDR信息，增加新物料
    
    Conflicts:
    	device/mediateksample/tb8163p3_64_bsp/mid/C716I/custom_MemoryDevice.h
    	device/mediateksample/tb8163p3_64_bsp/mid/C732I_101/custom_MemoryDevice.h

commit b1e886c3e70f0039cbe4e033e2c34d7f45287016
Author: hefengcai <hefengcai@joyargroup.com>
Date:   Wed Mar 20 16:53:11 2019 +0800

    QR Code 界面预览暗问题

commit 7073bb1d1981ce6abc19a791242394b015715805
Author: hefengcai <hefengcai@joyargroup.com>
Date:   Tue Mar 19 09:53:34 2019 +0800

    解决相机录像无法使用耳机录音问题

commit 57f2b6e6a160e9d60748ae2d5a81b48432d0e6b4
Author: huangpei <huangpei@joyargroup.com>
Date:   Mon Mar 18 10:11:29 2019 +0800

    更新DDR表，去除无料DDR，调整DDR时序
    
    Conflicts:
    	device/mediateksample/tb8163p3_64_bsp/mid/C716I/custom_MemoryDevice.h
    	device/mediateksample/tb8163p3_64_bsp/mid/C732I/custom_MemoryDevice.h
    	device/mediateksample/tb8163p3_64_bsp/mid/C732I_101/custom_MemoryDevice.h

commit a2e04bf269d37ff255f70e70ec0efa2ce4f3ee23
Author: huangpei <huangpei@joyargroup.com>
Date:   Fri Mar 15 17:09:59 2019 +0800

    MT8163平台项目 LCD lk阶段上电添加功能宏，与MT8167做区分
    
    Conflicts:
    	device/mediateksample/tb8163p3_64_bsp/mid/C732I_101/tb8163p3_64_bsp_lk.mk

commit 5eecd52953b897cef423aca00b294111fa9aa92d
Author: huangpei <huangpei@joyargroup.com>
Date:   Wed Mar 13 18:14:38 2019 +0800

    增加区分MT8163与MT8167 在lk里面lcm上电不共用上电接口函数
    MT8163 的屏如果需要用 upmu_set_rg_vgp2_vosel（）上电，需要打开 MTK_MT6323_SUPPORT宏
    宏增加位置 tb8163p3_64_bsp_lk.mk
    
    Conflicts:
    	device/mediateksample/tb8163p3_64_bsp/mid/C716I/tb8163p3_64_bsp_lk.mk

commit c2f9de43e928cd61d59c59bf7f1cfa997360af7f
Author: huangpei <huangpei@joyargroup.com>
Date:   Fri Mar 15 16:48:03 2019 +0800

    更新DDR物料表
    
    Conflicts:
    	device/mediateksample/tb8163p3_64_bsp/mid/C716I/custom_MemoryDevice.h
    	device/mediateksample/tb8163p3_64_bsp/mid/C732I_101/custom_MemoryDevice.h

commit adac68a44d932ece1d1c8ec2023d6cdb1d835cde
Author: zhuangwf <wenfang.zhuang@szroco.com>
Date:   Thu Jan 24 11:27:44 2019 +0800

    SystemUI:解决更换壁纸瞬间半屏显示问题

commit d439839c82d59dd751bc3186127c3f299e79db2c
Author: xuchen <chen.xu@joyargroup.com>
Date:   Tue Mar 12 18:45:30 2019 +0800

    MTK patch: t-alps-release-p0.mp6-V1.72

commit 6eecdaa6735adcf6783a2cfc800530fcb348867e
Author: xuchen <chen.xu@joyargroup.com>
Date:   Sat Feb 23 15:42:02 2019 +0800

    MTK patch: t-alps-release-p0.mp6-V1.66

commit 61deebabce9bfd475348d71c1a70f84cf65794e5
Author: xuchen <chen.xu@joyargroup.com>
Date:   Sat Feb 23 11:46:59 2019 +0800

    MTK patch: t-alps-release-p0.mp6-V1.51

commit c01bad603da211fa21ee2d6e11fbc16b4f6c22ab
Author: hefengcai <hefengcai@joyargroup.com>
Date:   Wed Mar 13 13:48:26 2019 +0800

    Revert "Camera2385:1600*1220显示2MP"
    
    This reverts commit d89d451c1fad32fffdce6910f533cc8f05a4d35b.

commit 5b9b9af4ba2a5c5cd3ca01e2afe7f6f775110ab5
Author: huangpei <huangpei@joyargroup.com>
Date:   Wed Mar 13 10:04:13 2019 +0800

    factory mode 与recovery mode 时防止电池过放

commit 2c077f38e4c7a5a9048b15b05a1e7b30f8a9dc49
Author: hefengcai <hefengcai@joyargroup.com>
Date:   Wed Mar 13 10:02:51 2019 +0800

    去除settings急救信息选项

commit 56b4714ed276251e8ad3e4ce2b4b9fdceea825ed
Author: hefengcai <hefengcai@joyargroup.com>
Date:   Wed Mar 13 10:01:05 2019 +0800

    第三方应用在虚拟按键栏的菜单图标位置显示错位问题

commit 76562245ae0e3f6ada7133304ed2859ede875da9
Author: huangpei <huangpei@joyargroup.com>
Date:   Fri Mar 8 11:10:52 2019 +0800

    更新DDR兼容信息2+16
    
    Conflicts:
    	device/mediateksample/tb8163p3_64_bsp/mid/C716I/custom_MemoryDevice.h
    	device/mediateksample/tb8163p3_64_bsp/mid/C732I_101/custom_MemoryDevice.h

commit a5bcab5c696938676980a915985f922d66850fac
Author: zhuangwf <wenfang.zhuang@szroco.com>
Date:   Thu Mar 7 17:03:23 2019 +0800

    MtkLauncher3:解决主界面上应用拖动至文件夹不易操作问题

commit ec32e65088b81885d68939bccdaaa99566629b20
Author: hefengcai <hefengcai@joyargroup.com>
Date:   Fri Mar 8 16:15:46 2019 +0800

    低电充电自动关机问题

commit 828232dd9c7365362640a76bddfa7fbf14dc6551
Author: hefengcai <hefengcai@joyargroup.com>
Date:   Wed Mar 6 11:12:48 2019 +0800

    减小电池充满电所需的充电时间

commit 002c007c4f102ab3c60e8d06044eb86043af711f
Author: hefengcai <hefengcai@joyargroup.com>
Date:   Wed Mar 6 10:56:52 2019 +0800

    电量%1时改为过2分钟自动关机

commit 3e8e474075604d8256c98f971257057bb1a34491
Author: hefengcai <hefengcai@joyargroup.com>
Date:   Tue Mar 5 20:17:27 2019 +0800

    外接OTG下拉状态栏提示“Android system*charging connected device via USB”

commit 58bb328a4f3a65a4bffe44f3232febeab92b7fce
Author: zhuangwf <wenfang.zhuang@szroco.com>
Date:   Tue Mar 5 17:08:55 2019 +0800

    GMS cts fail1:CtsSystemUiTestCases android.systemui.cts.LightBarTests#testNavigationBarDivider

commit 8d8eeed68e60040c2f0a977f7a8e528fc3a5b1ba
Author: zhuangwf <wenfang.zhuang@szroco.com>
Date:   Mon Mar 4 10:35:04 2019 +0800

    Revert "去掉Setting-无障碍-放大功能"
    
    This reverts commit dc9b20fce774d28a4dca9dbda68ced62de1cf021.

commit 0b713a8b4cfe026861057c42f68d13f2b333caa8
Author: zhuangwf <wenfang.zhuang@szroco.com>
Date:   Sat Mar 2 17:09:15 2019 +0800

    Version:ONA19TB003_20190302

commit dc9b20fce774d28a4dca9dbda68ced62de1cf021
Author: zhuangwf <wenfang.zhuang@szroco.com>
Date:   Sat Mar 2 17:08:02 2019 +0800

    去掉Setting-无障碍-放大功能

commit 9ae0bff71d5c8e78523d9f69acb4f7311cd2c974
Author: zhuangwf <wenfang.zhuang@szroco.com>
Date:   Sat Mar 2 17:04:12 2019 +0800

    GMS cts fail:CtsSystemUiTestCases android.systemui.cts.LightBarTests#testNavigationBarDivider

commit 72ce7dadc97ed42ca4a4457e0199a4131e091b14
Author: zhuangwf <wenfang.zhuang@szroco.com>
Date:   Wed Jan 9 18:29:41 2019 +0800

    去掉设置-MiraVision

commit 72562ad524fde56c6a08c5e03b69ca911a637827
Author: hefengcai <hefengcai@joyargroup.com>
Date:   Thu Feb 28 11:22:16 2019 +0800

    1.解决cts过不了问题(解决有时候点击home键无法回到桌面的问题)

commit d04540b503ebd04c808840c334d94a9c8a640df0
Author: xuchen <chen.xu@joyargroup.com>
Date:   Thu Feb 28 10:20:59 2019 +0800

    Factory: ATA test init

commit 29d834cd71274b9ff6df5d026cb54902d0247ae8
Author: hefengcai <hefengcai@joyargroup.com>
Date:   Wed Feb 27 10:12:45 2019 +0800

    GMS:去掉android.software.live_wallpaper.xml
    CTS:android.app.cts.SystemFeaturesTest#testLiveWallpaperFeature

commit ff68732e51dde0361b129bae5761aa7ba29e4c8c
Author: zhengqf <zhengqf@joyargroup.com>
Date:   Tue Feb 26 16:20:29 2019 +0800

    Bluetooth: BQB 认证补丁

commit 369818a091a397845f5c07a81c146e6d52498a79
Author: hefengcai <hefengcai@joyargroup.com>
Date:   Tue Feb 26 16:59:11 2019 +0800

    Revert "移除BQB认证多余的profiles"
    
    This reverts commit 7e824639005e3203122dd6eb385f6d2bebd41b6d.

commit dcb47ac45acb346aa9d37bf2c3049fed67561cdd
Author: hefengcai <hefengcai@joyargroup.com>
Date:   Tue Feb 26 12:49:04 2019 +0800

    ONA19TB003_20190225

commit 96d9f30c120a91694ab9b6098849155e23814eaa
Author: hefengcai <hefengcai@joyargroup.com>
Date:   Tue Feb 26 12:47:53 2019 +0800

    去除闪光灯配置

commit 11a636877679b7ec03ae5b520fc53e0daa577773
Author: huangpei <huangpei@joyargroup.com>
Date:   Mon Feb 25 11:36:35 2019 +0800

    芯导5425A：电池高温到55°，充电电流限制为100mA以内

commit 6883000844357e2a427261376ae874bcc25d1864
Author: zhuangwf <wenfang.zhuang@szroco.com>
Date:   Fri Feb 22 22:17:42 2019 +0800

    GMS:CTS fail:CtsMediaTestCases
    android.media.cts.CamcorderProfileTest#testGetWithId
    android.media.cts.CamcorderProfileTest#testGet
    media_profiles.xml

commit 5d4d739d88791736520d7f873d5bfd9e2eb54300
Author: hefengcai <hefengcai@joyargroup.com>
Date:   Fri Feb 22 15:38:25 2019 +0800

    更新客制Vudu.apk

commit bb29dc33be03cdaa12c61a5e668ee31ee11be099
Author: zhuangwf <wenfang.zhuang@szroco.com>
Date:   Fri Feb 22 11:41:43 2019 +0800

    User 版本屏蔽掉应用崩溃的对话框

commit d89d451c1fad32fffdce6910f533cc8f05a4d35b
Author: zhuangwf <wenfang.zhuang@szroco.com>
Date:   Fri Feb 22 11:31:46 2019 +0800

    Camera2385:1600*1220显示2MP

commit ddc2cffa956ea7ae026c059901dbe85e0e873e0b
Author: hefengcai <hefengcai@joyargroup.com>
Date:   Fri Feb 22 15:28:53 2019 +0800

    FactoryMode:GSensor screenOrientation=landscape

commit 36483a58820ec3a727bec3c9144c2b9fccec21cc
Author: hefengcai <hefengcai@joyargroup.com>
Date:   Thu Feb 21 14:36:57 2019 +0800

    ONA19TB003_20190221

commit d5c1179ee47ba23f2b569ca6a50602a092ad87bf
Author: hefengcai <hefengcai@joyargroup.com>
Date:   Thu Feb 21 10:24:36 2019 +0800

    Revert "开启2.4Gwifi  40M带宽"
    
    This reverts commit 50a584c43464843fa8fc7a10b58e61c82230b597.

commit 80921ac511bb108d7154553616104efcb4fa45d8
Author: huangpei <huangpei@joyargroup.com>
Date:   Wed Feb 20 17:34:40 2019 +0800

    修改T卡格式化操作导致点击下拉菜单栏的通知消息后setting报错问题

commit 376b7796aa13294538aadd8f3de7abe650092236
Author: huangpei <huangpei@joyargroup.com>
Date:   Wed Feb 20 14:46:57 2019 +0800

    优化蓝牙抗干扰能力

commit 0e449f9470b5100105dc849c6694a60411826b3e
Author: hefengcai <hefengcai@joyargroup.com>
Date:   Thu Feb 21 10:08:25 2019 +0800

    1.antutu前摄像素大小显示不对
    2.改变相机模式图标左边距

commit e4e36d931da5775fec2a4838c347bdf0a6741acc
Author: hefengcai <hefengcai@joyargroup.com>
Date:   Wed Feb 20 19:44:16 2019 +0800

    Revert "安兔兔gc030asub_mipi_raw"
    
    This reverts commit cec45f8cc6da702428e029914aa6956445b09dff.

commit 4b9fca1cdd5f69fe83a526dfe33449298494ce7c
Author: hefengcai <hefengcai@joyargroup.com>
Date:   Tue Feb 19 15:30:13 2019 +0800

    放大camera2前后摄切换图标

commit 9617b5aecf7064988b26385cbe0978cef0572745
Author: hefengcai <hefengcai@joyargroup.com>
Date:   Wed Feb 20 15:37:10 2019 +0800

    电量%1时过五分钟自动关机

commit 2e107d0cc1060164e02a50b2f9d4f4bb9e579f0e
Author: hefengcai <hefengcai@joyargroup.com>
Date:   Wed Feb 20 14:09:19 2019 +0800

    更改ac charger 1.65A---->1.8A

commit 5470334d1b96d0c0bc674685eb351a1a10756881
Author: hefengcai <hefengcai@joyargroup.com>
Date:   Wed Feb 20 13:43:57 2019 +0800

    调试声音曲线均匀度，50%音量明显较8寸声音小问题

commit cec45f8cc6da702428e029914aa6956445b09dff
Author: zhuangwf <wenfang.zhuang@szroco.com>
Date:   Tue Feb 19 15:23:59 2019 +0800

    安兔兔gc030asub_mipi_raw

commit 329fcd7b09c0e35f171e18cb3d54db5e9025090f
Author: chenhao <chenhao@joyargroup.com>
Date:   Tue Feb 19 09:18:50 2019 +0800

    cts:解决修复摄像头CTS问题引起的手动测试项FOV失败项

commit 85d4584eef67cf2ddf84b589b22164a16edfce22
Author: hefengcai <hefengcai@joyargroup.com>
Date:   Tue Feb 19 15:28:25 2019 +0800

    Wi-Fi MAC address 丢失问题

commit 5b4dbc5e7c840ea9fdda28b1a43444531dc8aa76
Author: hefengcai <hefengcai@joyargroup.com>
Date:   Tue Feb 19 15:27:28 2019 +0800

    Release Version:ONA19TB003_20190218

commit a436199a8c2d87a58ea1605e93b765fb7acad67e
Author: zhou zhao <zhouzhao@szroco.com>
Date:   Sun Feb 17 14:35:39 2019 +0800

    Wifi 信号显示增加一格

commit 39a3c613c6e57af0617c189312465dae2f4671e3
Author: hefengcai <hefengcai@joyargroup.com>
Date:   Mon Feb 18 14:44:56 2019 +0800

    1.wlan直连匹配名称不对问题
    2.认证选项增加图标

commit eda929cd19c704e0295c940c4bc0eade6cb067e2
Author: hefengcai <hefengcai@joyargroup.com>
Date:   Mon Feb 18 13:46:32 2019 +0800

    FactoryMode:add MultitouchTest

commit f67cbda584b918cf9647d4a37fdd8b5d46650da2
Author: huangpei <huangpei@joyargroup.com>
Date:   Sat Feb 16 17:13:47 2019 +0800

    补充修复OTG鼠标上滑解锁锁屏困难问题

commit d650263a0ac2ffa5a99b1f07c55c3d2773af5cf2
Author: zhuangwf <wenfang.zhuang@szroco.com>
Date:   Sat Feb 16 17:04:22 2019 +0800

    OP01SoundRecorder 录音音质 高

commit 417edcac1504b31ffe325124c63ef523040daa5c
Author: zhuangwf <wenfang.zhuang@szroco.com>
Date:   Sat Feb 16 16:38:21 2019 +0800

    MtkSettings: fix Settings-无障碍-放大功能

commit 56b7256905b63048d6343d052465bde5dfd41bd9
Author: zhou zhao <zhouzhao@szroco.com>
Date:   Sun Feb 17 16:50:21 2019 +0800

    解决安兔兔错误显示033A摄像头像素为1.9MP，实际为0.3M

commit 0e100d741bdd385f9510af5621344bc689db0cd6
Author: hefengcai <hefengcai@joyargroup.com>
Date:   Sat Feb 16 16:50:24 2019 +0800

    设置-系统-平板电脑-急救信息中phone-->device

commit fc4b3d9987ce0b9f1d119a90dca3a5b87fe4fd37
Author: hefengcai <hefengcai@joyargroup.com>
Date:   Fri Feb 15 20:46:26 2019 +0800

    Revert "Launcher: 解决有时候点击home键无法回到桌面的问题"
    
    This reverts commit b5cd91bf4e9fa88e67e6a002526c608c6ec3a6d7.

commit 335d566703f90ee17be48e77f4f8a6135dedfb54
Author: huangpei <huangpei@joyargroup.com>
Date:   Fri Feb 15 18:09:20 2019 +0800

    Fix 插入耳机概率引起音乐播放暂停的问题

commit 3b7603589ad4607730b34003582f9d30dd3c1f3e
Author: hefengcai <hefengcai@joyargroup.com>
Date:   Fri Feb 15 20:42:16 2019 +0800

    默认亮度设置为30%,测量默认亮度的值为96

commit 47c3f5c6c2eb5fe9caa88aa517f53635f53749b1
Author: hefengcai <hefengcai@joyargroup.com>
Date:   Fri Feb 15 20:41:09 2019 +0800

    更改认证信息

commit 6a3bd433f8a5e27d654417122723f100871ad007
Author: zhuangwf <wenfang.zhuang@szroco.com>
Date:   Wed Feb 13 17:03:15 2019 +0800

    GMS:VTS

commit feaf953e82a017ad201b6c256c9ebf6736bbaa7c
Author: hefengcai <hefengcai@joyargroup.com>
Date:   Fri Feb 15 14:44:50 2019 +0800

    CTS:修复033a+2375摄像头CTS测试FAIL

commit 259ba26823bdbf7bf61557a3239bab3e7d459e34
Author: hefengcai <hefengcai@joyargroup.com>
Date:   Fri Feb 15 14:20:39 2019 +0800

    新增location和night到下拉菜单快捷方式中

commit d415c35ca819cd79dd92fbf9cb4bc16d85b496b3
Author: hefengcai <hefengcai@joyargroup.com>
Date:   Fri Feb 15 11:01:12 2019 +0800

    gc030asub竖屏放置成像倒置问题

commit a4e7d5b6924fda8c82b9f95844bc93d249a6b8c8
Author: hefengcai <hefengcai@joyargroup.com>
Date:   Fri Feb 15 10:57:29 2019 +0800

    禁止Camera中模式图标旋转

commit 4d7df86b52026178ce858985027b1ac141a58c5b
Author: hefengcai <hefengcai@joyargroup.com>
Date:   Fri Feb 15 10:54:55 2019 +0800

    更新认证信息

commit f7f61e198a012b972253ca1ad6d99d51c6aadab9
Author: hefengcai <hefengcai@joyargroup.com>
Date:   Thu Feb 14 09:34:26 2019 +0800

    第三方电池容量检测:1000--->4000

commit 4d57f1a47476af662993f12e2660ab8c075f4754
Author: hefengcai <hefengcai@joyargroup.com>
Date:   Wed Feb 13 18:32:02 2019 +0800

    去除下拉菜单编辑下的流量节省按钮图标

commit a0afc6056b3609c6998a51fe9318fc8fd51e3d2b
Author: hefengcai <hefengcai@joyargroup.com>
Date:   Wed Feb 13 18:31:08 2019 +0800

    解决10.1寸真横屏Camera中模式图标旋转方向不对问题

commit 060b8c4b7c7343dcfad014e8ab77e52158b448b2
Author: hefengcai <hefengcai@joyargroup.com>
Date:   Wed Feb 13 18:27:52 2019 +0800

    解决camera前后摄切换不灵敏问题

commit 0712b275c965dcc7666f3852e5f50cf60eb00b0b
Author: hefengcai <hefengcai@joyargroup.com>
Date:   Wed Feb 13 17:24:13 2019 +0800

    取消WLAN 偏好设置折叠选项

commit 9bef7631ff2ed1d8d81d4b016dc4abe888e7a443
Author: hefengcai <hefengcai@joyargroup.com>
Date:   Wed Feb 13 14:14:51 2019 +0800

    用蓝牙耳机播放音乐或者视频时音量超过70%可以弹出警告框

commit b182f85949ed8a622ff3652f5265dccff11561e3
Author: zhuangwf <wenfang.zhuang@szroco.com>
Date:   Mon Feb 11 17:18:11 2019 +0800

    BuildTools:(MT8163)
        buildprop:  MID_PROJECT/vendor_system > vendor/build.prop

commit 7959565714974857de976ae5c1200585ce16518f
Author: hefengcai <hefengcai@joyargroup.com>
Date:   Mon Feb 11 18:28:08 2019 +0800

    settings:add Certification Information item

commit dc52eddbc4430a07715a037678ab6267402adfa9
Author: hefengcai <hefengcai@joyargroup.com>
Date:   Mon Feb 11 17:36:13 2019 +0800

    在更改设置-系统-关于平板电脑-设备名称中弹出警示“手机”改成“设备”

commit e2f46855b477757445585ca9f1cf8198de8c9a1b
Author: hefengcai <hefengcai@joyargroup.com>
Date:   Mon Feb 11 15:40:13 2019 +0800

    更改wlan直连名称

commit 6bb93d55532901eef1b588b6e9f867b2cd2ead2f
Author: hefengcai <hefengcai@joyargroup.com>
Date:   Fri Jan 25 17:58:51 2019 +0800

    C732I.P0.V10.1.ZX-V10.5359

commit 50a584c43464843fa8fc7a10b58e61c82230b597
Author: hefengcai <hefengcai@joyargroup.com>
Date:   Fri Jan 25 15:28:07 2019 +0800

    开启2.4Gwifi  40M带宽

commit 3529288c14e73e0cddba0680e102667fde7aa8a0
Author: hefengcai <hefengcai@joyargroup.com>
Date:   Fri Jan 25 15:20:50 2019 +0800

    更改音频参数：2.7V，0.9W

commit 00da9603e6452f69610b27a13ecb3da68898a33f
Author: hefengcai <hefengcai@joyargroup.com>
Date:   Fri Jan 25 15:10:08 2019 +0800

    camera:gc033a和gc2375效果参数，更改FOV

commit 6935ac19bd5c8b3484551f5da55f1c20e377990e
Author: hefengcai <hefengcai@joyargroup.com>
Date:   Fri Jan 25 15:08:09 2019 +0800

    settings:hide advanced

commit fa5ec7ca3736b441e39f342ea0d0f017bdf8f606
Author: hefengcai <hefengcai@joyargroup.com>
Date:   Fri Jan 25 09:44:25 2019 +0800

    解决前后摄成像,预览，和CTSV摄像头方向不对问题

commit 53f91c9ddb49022e6f72da9ed435c1497dc80cf0
Author: hefengcai <hefengcai@joyargroup.com>
Date:   Thu Jan 24 17:51:03 2019 +0800

    Revert "1.前摄预览方向不对问题"
    
    This reverts commit e3ab93ea16d3bab521b494da9198825d432b87f7.
    
    Conflicts:
    	kernel-4.9/drivers/misc/mediatek/imgsensor/src/mt8163/mid/gc030asub_mipi_raw/gc030Asubmipi_Sensor.c

commit 1ed8ccbfbb667094941da0974f96b92e2160bdb0
Author: hefengcai <hefengcai@joyargroup.com>
Date:   Thu Jan 24 16:47:45 2019 +0800

    去除设置“接收电话”字眼

commit 666ac0faf1bd589440ef4d4fdd66ac052b8e921f
Author: hefengcai <hefengcai@joyargroup.com>
Date:   Thu Jan 24 16:42:56 2019 +0800

    eng版本报错和喇叭没声音问题

commit 3a24e77b6c0cc10e30bb45a92bd742ed33150b6b
Author: hefengcai <hefengcai@joyargroup.com>
Date:   Thu Jan 24 16:41:32 2019 +0800

    OP01SoundRecorder:增加音质选项菜单

commit b81ff648e39e25173c0b7e140e6ead41cb78425c
Author: hefengcai <hefengcai@joyargroup.com>
Date:   Wed Jan 23 18:39:15 2019 +0800

    1.去除小部件
    2.访客模式下导航栏*号按钮无法启动apk问题

commit 25b8916070f0ee84ba5380668eaf8ed500ee50b8
Author: hefengcai <hefengcai@joyargroup.com>
Date:   Wed Jan 23 15:01:38 2019 +0800

    开机动画卡顿问题

commit b42331706e44006a94f86abfd1da3415b3f79c0c
Author: hefengcai <hefengcai@joyargroup.com>
Date:   Wed Jan 23 14:58:53 2019 +0800

    解决按home键进入google搜索界面导航栏按钮不明显问题

commit 5300beb93d9d414145c3fd7c21bf88dd22c5aa20
Author: hefengcai <hefengcai@joyargroup.com>
Date:   Wed Jan 23 09:57:29 2019 +0800

    Release Version:C732I.P0.V10.1.ZX-V09.5359

commit 7e824639005e3203122dd6eb385f6d2bebd41b6d
Author: hefengcai <hefengcai@joyargroup.com>
Date:   Tue Jan 22 11:05:01 2019 +0800

    移除BQB认证多余的profiles

commit bc4847e514681b7eff6cbfc478766e64e1c2e2ae
Author: hefengcai <hefengcai@joyargroup.com>
Date:   Tue Jan 22 09:45:26 2019 +0800

    Revert "WallpaperPicker: add more wallpaper"
    
    This reverts commit 2e236fe75337811cc2dcb860cb4162099c621a48.

commit 46b7834131228c15d932096b14eb9c1554c16454
Author: zhuangwf <wenfang.zhuang@szroco.com>
Date:   Mon Jan 21 20:24:45 2019 +0800

    去掉动态壁纸

commit 6eb1e017e264071159b7a17a9acb0af63b0498bd
Author: zhuangwf <wenfang.zhuang@szroco.com>
Date:   Mon Jan 21 10:42:35 2019 +0800

    电池曲线1

commit 5d99a240dd695908ce964e3df6226f055a526dfc
Author: hefengcai <hefengcai@joyargroup.com>
Date:   Tue Jan 22 09:32:00 2019 +0800

    启动apk界面列表铺满全屏

commit 3d6e656cf48d0a2ead3eff1508ded96988de38ed
Author: huangpei <huangpei@joyargroup.com>
Date:   Mon Jan 21 10:30:07 2019 +0800

    优化c732i 10寸TP参数
    
    Conflicts:
    	kernel-4.9/drivers/input/touchscreen/mediatek/GSLX68X/mid/C732_DFL_WXGA_101.h

commit 09f6979a1db83e0ba322650b08595a417d638325
Author: huangpei <huangpei@joyargroup.com>
Date:   Mon Jan 21 10:24:07 2019 +0800

    增加后摄GC2375H

commit c468323e924a65b43ba09349d14e7a6bf51ad476
Author: huangpei <huangpei@joyargroup.com>
Date:   Mon Jan 21 09:41:39 2019 +0800

    修复 喇叭概率出现无声音或者噪音的问题

commit cca16dc2a12c8754e0c2dffbb21249df8968e4c7
Author: huangpei <huangpei@joyargroup.com>
Date:   Fri Jan 18 11:03:01 2019 +0800

    增加前摄GC033A hal 层缺少代码

commit 2f7b2c3bd23c7bddb527132fdb3d7f33b0b32f17
Author: hefengcai <hefengcai@joyargroup.com>
Date:   Sun Jan 20 17:03:09 2019 +0800

    删除点击通知音量图标时中的来电提示字眼

commit fcc77d05ea09a1c0820291858ddeb630e02d1ac3
Author: hefengcai <hefengcai@joyargroup.com>
Date:   Sun Jan 20 11:09:16 2019 +0800

    shutdown  NTC <=-10

commit 4ac4342b128a337a7e7484a2ab5b3c75f106eb34
Author: hefengcai <hefengcai@joyargroup.com>
Date:   Sun Jan 20 10:45:28 2019 +0800

    CTSV:前摄方向反180

commit 422aaecd87bbb7e10e2c132256035021efe8b488
Author: hefengcai <hefengcai@joyargroup.com>
Date:   Fri Jan 18 13:13:54 2019 +0800

    竖屏壁纸不居中问题

commit bdb7f12f675c2292841a7db164a3b7ef77ae59a6
Author: hefengcai <hefengcai@joyargroup.com>
Date:   Fri Jan 18 08:38:13 2019 +0800

    ONA19TB003_20190118

commit d3da7fb06bd85f3fad91369ffb7a3a2838701a71
Author: hefengcai <hefengcai@joyargroup.com>
Date:   Thu Jan 17 20:30:10 2019 +0800

    Revert "去除HDMI"
    
    This reverts commit f0400b8583e616ecbe83d47735b9c022b3d386a2.
    
    Conflicts:
    	device/mediateksample/tb8163p3_64_bsp/ProjectConfig.mk
    	device/mediateksample/tb8163p3_64_bsp/mid/C732I/tb8163p3_64_bsp_defconfig

commit 47582b46e8c94b1db924f4287cd2795fe55f12eb
Author: hefengcai <hefengcai@joyargroup.com>
Date:   Thu Jan 17 20:03:45 2019 +0800

    去除下拉菜单cast和设置-->显示-->HDMI选项

commit ebe10932bdda0299038183083489f352b24c94ac
Author: xuchen <chen.xu@joyargroup.com>
Date:   Thu Jan 17 18:04:27 2019 +0800

    MTK patch: t-alps-release-p0.mp6-V1.44.1

commit d7693e246af375e198d0e863f2741b7792e631b4
Author: zhuangwf <wenfang.zhuang@szroco.com>
Date:   Thu Jan 17 17:32:57 2019 +0800

    SystemUI: 解决打开TP距感触摸在锁屏界面断线的bug

commit fc50755ca939e7856f822a053479d00fdb91f44e
Author: hefengcai <hefengcai@joyargroup.com>
Date:   Thu Jan 17 19:11:45 2019 +0800

    discharger when NTC >=55 and NTC <=0,shutdown when NTC >=60 and NTC <=-10

commit f9c49b398028f36bc342b9319b6fe734ac435f43
Author: hefengcai <hefengcai@joyargroup.com>
Date:   Thu Jan 17 18:56:25 2019 +0800

    通知音量进度条为0图标不对问题

commit 904147c74dc03f530ee152441afb1d0e438d4d09
Author: zhuangwf <wenfang.zhuang@szroco.com>
Date:   Thu Jan 17 10:29:04 2019 +0800

    gms version:
        ro.com.google.gmsversion=9_201901
        modify the FilesGo to FilesGoogle

commit 6331400d6d906af75b1e08b97733953644386059
Author: huangpei <huangpei@joyargroup.com>
Date:   Wed Jan 16 20:16:33 2019 +0800

    优化喇叭底噪问题

commit 62c13e6f80a161ca267f257e1853baf2ec0759d0
Author: hefengcai <hefengcai@joyargroup.com>
Date:   Thu Jan 17 10:40:57 2019 +0800

    factorymode:remove Vibrator、Lsensor、Psensor、EARphone

commit f04e5f67f48422a83963d009384369811eda6595
Author: hefengcai <hefengcai@joyargroup.com>
Date:   Wed Jan 16 19:31:17 2019 +0800

    更改桌面和启动器apk签名

commit e60e67d9d75317be34242a2d410bc297c7382f87
Author: hefengcai <hefengcai@joyargroup.com>
Date:   Wed Jan 16 19:26:31 2019 +0800

    去除删除闪光灯配置

commit 98e3453c609fee666726a46c22080e2a7b6cade6
Author: xuchen <chen.xu@joyargroup.com>
Date:   Wed Jan 16 18:16:19 2019 +0800

    Charger: 修改关闭SW_Charger充9停1功能

commit dae957299492bbdd69a8a46e97711438dcdc4ba7
Author: hefengcai <hefengcai@joyargroup.com>
Date:   Wed Jan 16 19:10:51 2019 +0800

    删除“来电”提示字眼

commit 6f1174e35be52f080577f87d4179dc3c9eb7cd25
Author: hefengcai <hefengcai@joyargroup.com>
Date:   Wed Jan 16 13:57:54 2019 +0800

    隐藏google搜索框

commit 9ed2d60a4520152ac6c1e06f0ae66a6e42d711de
Author: chenhao <chenhao@joyargroup.com>
Date:   Wed Jan 16 11:23:13 2019 +0800

     MTEE: change key type(for attestation key)

commit 1ff9870b1d49d3a42dcb31f48e20303395909b4c
Author: hefengcai <hefengcai@joyargroup.com>
Date:   Wed Jan 16 13:16:59 2019 +0800

    删除设置电池管理
    Release Version:C732I.P0.V10.1.ZX-V08.5359

commit b23b0d8dc56cfcfb01a5e34ea7f0b2636b6e3277
Author: karl.kuang <kuangzc@joyargroup.com>
Date:   Wed Jan 16 10:28:48 2019 +0800

    Launcher3: 去掉首次开机桌面提示动画

commit 5fd30e40e46b3faa2f9395eddedc0dbf7f1643ce
Author: xuchen <chen.xu@joyargroup.com>
Date:   Wed Jan 16 10:35:04 2019 +0800

    ATA: 1,修改GPS测试时间缩减到20S
         2,修改SW Version读取失败导致后续测试失败

commit 2c5cc95b15b7b83651fb342c455a1797502ac2d8
Author: hefengcai <hefengcai@joyargroup.com>
Date:   Wed Jan 16 10:48:03 2019 +0800

    fingerprint:BUILD_KEYS:=release-keys

commit f7e44623ba5cd849454945e1ed70c5eda7a98013
Author: hefengcai <hefengcai@joyargroup.com>
Date:   Wed Jan 16 10:46:11 2019 +0800

    合入摄像头效果参数

commit 553e23f5d68738758c69250f241f0f76b96ccb92
Author: xuchen <chen.xu@joyargroup.com>
Date:   Tue Jan 15 17:49:52 2019 +0800

    ATA: 修改刷机后Speaker测试失败

commit d89bbea08af44e3d9390f496146992d08e56febb
Author: huangpei <huangpei@joyargroup.com>
Date:   Tue Jan 15 15:12:58 2019 +0800

    关闭factory模式下的振动器与闪光灯测试项

commit 4550045e43ae3cf9f892ba169b92f45ad84e5ba3
Author: zhuangwf <wenfang.zhuang@szroco.com>
Date:   Tue Jan 15 14:04:24 2019 +0800

    Launcher3:modify the black theme under the desktop folder border white

commit 5e5bb3671f86d63599bde15dc3ed054d6c1c73de
Author: huangpei <huangpei@joyargroup.com>
Date:   Mon Jan 14 18:33:42 2019 +0800

    修复重启测试出现卡死无法开机的问题

commit 1618b77bf9360711d599d12474c9d89b35ae0731
Author: hefengcai <hefengcai@joyargroup.com>
Date:   Tue Jan 15 15:31:35 2019 +0800

    1.充电电流1.65A
    2.摄像头预览方向错误

commit cce7c6038140db466a6529c44a72f29ee88f8fd6
Author: hefengcai <hefengcai@joyargroup.com>
Date:   Tue Jan 15 15:26:17 2019 +0800

    Launcher: 解决有时候点击home键无法回到桌面的问题

commit 59a0ce0233888cf5da361a93304c3b000b207923
Author: hefengcai <hefengcai@joyargroup.com>
Date:   Tue Jan 15 13:21:02 2019 +0800

    关闭智能省电模式并移除改选项

commit dfaffb0001113b39780dbbaa2203fcc8bf265e77
Author: huangpei <huangpei@joyargroup.com>
Date:   Sat Jan 12 14:50:04 2019 +0800

    GC2385最高支持200W像素，GC030ASUB 最高支持30W像素

commit a1c0c4b4488e8f51153e9147bdf3cd4725be1fe4
Author: hefengcai <hefengcai@joyargroup.com>
Date:   Mon Jan 14 20:24:28 2019 +0800

    settings:remove auto_24hour

commit 6e73855efa8f7a929f0d9098521c262861c6790e
Author: zhuangwf <wenfang.zhuang@szroco.com>
Date:   Mon Jan 14 14:39:25 2019 +0800

    MtkSettings:fix theme background settings no effect

commit 178be82c48d4ba8778246d21d9cc327477180abd
Author: huangpei <huangpei@joyargroup.com>
Date:   Mon Jan 14 11:01:19 2019 +0800

    修复：刷机后不开机直接写号失败问题

commit 67917d059498311ffd1dbb1e47b1ad590128d54a
Author: hefengcai <hefengcai@joyargroup.com>
Date:   Mon Jan 14 14:49:49 2019 +0800

    1.更改相机预览方向反180
    2.ac充电电流1.45A

commit 1b9e5c91607fc3f9320e441d9bddb9567ae1aea0
Author: hefengcai <hefengcai@joyargroup.com>
Date:   Mon Jan 14 14:41:46 2019 +0800

    Launcher3: 修改在长按app图标后弹出的shortcut显示位置不对的问题

commit 37daaac0baab1f10cb18d286de2af4a49a89f481
Author: hefengcai <hefengcai@joyargroup.com>
Date:   Mon Jan 14 14:40:51 2019 +0800

    更改分区

commit a9dc2c1bd1a94609667443fbc8dad2beaaac135d
Author: chenhao <chenhao@joyargroup.com>
Date:   Sat Jan 12 17:15:56 2019 +0800

    使用自定义签名文件

commit e959490e4d878e1ac0f16450cec8f3285ab66b33
Author: xuchen <chen.xu@joyargroup.com>
Date:   Sat Jan 12 11:32:07 2019 +0800

     Items:(MT8163)
          1,camera.main.orientation
          2,camera.sub.orientation

commit 4ea9d316eb8849299a0ccf337f13c584b9270d0a
Author: huangpei <huangpei@joyargroup.com>
Date:   Fri Jan 11 17:19:26 2019 +0800

    DDR: 增加3+32的EMCP的兼容

commit 97774aaf071935cc0372a5103a89215bb69e39fa
Author: huangpei <huangpei@joyargroup.com>
Date:   Fri Jan 11 17:10:14 2019 +0800

    TP 打开ESD功能

commit 471608de32d89492b0609ab60f6ee669e9ae862a
Author: hefengcai <hefengcai@joyargroup.com>
Date:   Sat Jan 12 17:06:11 2019 +0800

    Settings:U盘存储设备的图标显示错误

commit e3ab93ea16d3bab521b494da9198825d432b87f7
Author: hefengcai <hefengcai@joyargroup.com>
Date:   Sat Jan 12 11:29:55 2019 +0800

    1.前摄预览方向不对问题
    2.成像方向转90问题

commit 1b190c80393e2896a94cf79e63b02a9938314fe3
Author: hefengcai <hefengcai@joyargroup.com>
Date:   Sat Jan 12 11:25:20 2019 +0800

    锁定fingerprint

commit 20836dda386fa5c4d71fed267b1f522822a11786
Author: chenhao <chenhao@joyargroup.com>
Date:   Wed Jan 9 09:04:08 2019 +0800

    GMS: 删除WMA,WMAPRO的支持

commit 1749d799b64bff3e72e1813e10a0d62ec545a561
Author: chenhao <chenhao@joyargroup.com>
Date:   Wed Jan 9 08:59:53 2019 +0800

    CtsSecurityHostTestCases--android.cts.security.SELinuxNeverallowRulesTest#testNeverallowRules109

commit bca439b8a442c1c79b02ef1e25d75c5dc0ce2525
Author: chenhao <chenhao@joyargroup.com>
Date:   Mon Jan 7 18:00:09 2019 +0800

    CtsPermission2TestCases --android.permission2.cts.PrivappPermissionsTest#testPrivappPermissionsEnforcement

commit 8f6c05a4fc5b22ecd8f29ad0af43cf598f4155e3
Author: chenhao <chenhao@joyargroup.com>
Date:   Fri Dec 28 09:13:07 2018 +0800

    GTS:GtsPermissionTestCases --com.google.android.permission.gtsDefaultPermissionGrantPolicyTest#testFefaultGrantsWithRemoteExceptios

commit 14efa0bb97b18f6eacfa9c308dbad2248af4f6b5
Author: chenhao <chenhao@joyargroup.com>
Date:   Thu Dec 27 16:35:37 2018 +0800

    GTS6.0_R3:GtsGmscoreHostTestCases --com.google.android.gts.provisioning.ProvisioningHostTest#testDeviceProvisioningPackageName

commit 1c6130037bf799fea2be1d4260f16b8f08e742c1
Author: chenhao <chenhao@joyargroup.com>
Date:   Thu Dec 27 16:09:48 2018 +0800

    GTS6.0_R3:GtsBackupHostTestCases -- com.google.android.gts.backup.BackupHostTest#testGmsBackupTransportIsDefault

commit 2e236fe75337811cc2dcb860cb4162099c621a48
Author: zhuangwf <wenfang.zhuang@szroco.com>
Date:   Fri Jan 11 14:07:47 2019 +0800

    WallpaperPicker: add more wallpaper

commit 8c10836eebd0473f2853fa2f3d4077d6e6baa2b8
Author: hefengcai <hefengcai@joyargroup.com>
Date:   Fri Jan 11 10:58:08 2019 +0800

    SystemUI: 锁屏界面点击切换用户时显示的图标和文字改为白色

commit ef0f976939e342a6706de5b244373e01a87964e6
Author: hefengcai <hefengcai@joyargroup.com>
Date:   Fri Jan 11 10:47:31 2019 +0800

    APPS: remove LiveWallpapers LiveWallpapersPicker

commit 677661e3e61d3eb06c2c62e068e6cb2473927264
Author: huangpei <huangpei@joyargroup.com>
Date:   Fri Jan 11 09:32:17 2019 +0800

    休眠唤醒重启问题修复：DDR map调整

commit 280cc07a4f4d0c974ef6b2b72cc7bc0c63ab0c9c
Author: xuchen <chen.xu@joyargroup.com>
Date:   Fri Jan 11 09:11:35 2019 +0800

    MTK patch: t-alps-release-p0.mp6-V1.39.1

commit 729bf7d18504e1af54b06a4289c856f556e5cc25
Author: hefengcai <hefengcai@joyargroup.com>
Date:   Thu Jan 10 19:57:07 2019 +0800

    C732I.P0.V10.1.ZX-V05.5359(user版本)

commit 878a337bc7d8db1d61d3ee314f9e1e8d16b7927c
Author: xuchen <chen.xu@joyargroup.com>
Date:   Thu Jan 10 14:44:46 2019 +0800

    Battery: add 100 date (ocv-dod-r),discharger when NTC >=60 and NTC <=-10

commit a2534ca461f22edb5efe5edbc09fed4259eec4b3
Author: [LiW] <wei.li@szroco.com>
Date:   Wed Jan 9 18:34:01 2019 +0800

    设置里顶部 保护手机的安全 改成 设备

commit 1e6aaecb245ed2e3952f6d1f39b865de5e2b92f2
Author: [LiW] <wei.li@szroco.com>
Date:   Wed Jan 9 18:27:29 2019 +0800

    设置-应用和通知-通知-勿扰模式 里的phone改成device，去掉vibrate

commit af3aea3663207918e762e3fa7a1827323ae6dac4
Author: hefengcai <hefengcai@joyargroup.com>
Date:   Thu Jan 10 17:00:45 2019 +0800

    1.使用DeskClock
    2.更改dpi:PRODUCT_AAPT_PREF_CONFIG := mdpi
    3.删除下拉菜单flashlight

commit 21d9ba78700a866cfeefe17e5df62a27a01ebde3
Author: huangpei <huangpei@joyargroup.com>
Date:   Thu Jan 10 11:33:09 2019 +0800

    停止播放音乐后，优化缩短喇叭底噪时间

commit 9fee4f0de4ccbb1b7211af0e432fbdcd1d91d86a
Author: huangpei <huangpei@joyargroup.com>
Date:   Thu Jan 10 11:26:45 2019 +0800

    fix:横屏状态休眠竖屏唤醒闪一下屏

commit f3fbf3f83ed460e6df5e0e3d29411fcac5c16590
Author: huangpei <huangpei@joyargroup.com>
Date:   Thu Jan 10 10:35:27 2019 +0800

    factory mode:camera test is pass

commit e8ecd7cb8f8a855cab98c74b84299d1e67a9cbf4
Author: xuchen <chen.xu@joyargroup.com>
Date:   Thu Jan 10 11:21:44 2019 +0800

    Battery: fix set soc to rtc error

commit e32dc00b55bebfa7c1a1aeb56e0254a16f72e01d
Author: hefengcai <hefengcai@joyargroup.com>
Date:   Thu Jan 10 14:03:03 2019 +0800

    休眠唤醒后锁屏界面显示的时钟无日期显示问题

commit 9dac2e0b2b7ee1baae79111da0100a25635e5c1c
Author: hefengcai <hefengcai@joyargroup.com>
Date:   Thu Jan 10 11:29:00 2019 +0800

    更改音频参数

commit 71c31e43f909da8164c74c3f82864c0a36f1ba30
Author: zhenglj <zhenglj@szroco.com>
Date:   Wed Jan 9 18:24:35 2019 +0800

    MtkSettings:
    设置-应用和通知-特殊权限中删除付费短信权限的选项

commit 46f45950344e402908c5a15c184c5dad427a0501
Author: zhenglj <zhenglj@szroco.com>
Date:   Wed Jan 9 10:16:05 2019 +0800

    修改音频资源文件加大音量：Lock.ogg，Unlock.ogg，Effect_Tick_48k.ogg

commit a8c7a5bd5fb6b1a66178919a5a41e396ac81fae7
Author: xuchen <chen.xu@joyargroup.com>
Date:   Wed Jan 9 18:35:48 2019 +0800

    PrintSpooler: fix error of print photo from gallery

commit 22ba56e3ae7847fc74c27dc503ab333f3b77942d
Author: xuchen <chen.xu@joyargroup.com>
Date:   Wed Jan 9 17:57:24 2019 +0800

    SystemUI: fix otg slide up sometimes fail to unlock screen

commit 3db33d416b3ab358844f2f62d6cf940bb47c1bf0
Author: xuchen <chen.xu@joyargroup.com>
Date:   Wed Jan 9 17:26:27 2019 +0800

    Settings: Add never asleep option

commit 4eeaf7780129003a4e19692f349f55c6b77c8d7b
Author: xuchen <chen.xu@joyargroup.com>
Date:   Wed Jan 9 16:53:54 2019 +0800

    Recovery: Show menu when recovery start

commit 9228fe74f1c0c4d155f18720bee09d81eabf1761
Author: xuchen <chen.xu@joyargroup.com>
Date:   Wed Jan 9 16:29:48 2019 +0800

    Recovery: add rotation for recovery ui

commit ef55458a750a94989a3fb16ed2973fb95821d39d
Author: xuchen <chen.xu@joyargroup.com>
Date:   Tue Jan 8 18:24:05 2019 +0800

    Charger: (fan5405)Set Pre-cc 800mA when battery over discharge

commit 58a19a74018a934f0984fe59c8a6bb47ee017ea4
Author: huangpei <huangpei@joyargroup.com>
Date:   Tue Jan 8 16:11:26 2019 +0800

    3G ddr 解析补充,增加2die 4die

commit 26666dcac7833a1a001835decdf91a436b09e980
Author: xuchen <chen.xu@joyargroup.com>
Date:   Mon Jan 7 19:59:34 2019 +0800

    C806I: Fix Vol- key(FCHR) not work in lk mode

commit 9a4cf876829e3d87e58d4c615b5d3f4abf78066e
Author: hefengcai <hefengcai@joyargroup.com>
Date:   Wed Jan 9 19:31:42 2019 +0800

    Appwidget: 解决开机桌面小部件加载慢bug(FAQ16697)

commit c61ac0ef847f92e61319df4fac0698dc29f213c0
Author: hefengcai <hefengcai@joyargroup.com>
Date:   Wed Jan 9 14:09:02 2019 +0800

    解决默认锁屏为无的情况下连续休眠唤醒两次点击按钮或者进度条状态不变问题

commit bd1af096793b7bea8b3c3d93d4bccc233d027ae7
Author: xuchen <chen.xu@joyargroup.com>
Date:   Wed Jan 2 11:36:11 2019 +0800

    Battery: 修改开关机跳点

commit 3a93def22ef9ff9edec2e2208ac6e47f3029fe6a
Author: karl.kuang <kuangzc@joyargroup.com>
Date:   Sat Jan 5 15:47:52 2019 +0800

    解决使用12小时制时,状态栏显示的时间无AM/PM区分显示

commit 075e7e7250a53ffb72b1bfddc1d5542273c519dc
Author: hefengcai <hefengcai@joyargroup.com>
Date:   Tue Jan 8 15:56:56 2019 +0800

    更新预置apk

commit 4cfb698d0d882340629865ce7c39ebf12af50d8f
Author: hefengcai <hefengcai@joyargroup.com>
Date:   Tue Jan 8 15:54:36 2019 +0800

    settings about:show serial number

commit 20c0ebcd6c2aa7a9eeb079e286f52f075d5cecbc
Author: hefengcai <hefengcai@joyargroup.com>
Date:   Tue Jan 8 10:38:15 2019 +0800

    1.解决显示大小设为最大导航栏按钮显示异常问题
    2.默认亮度
    3.增加MTKLogger apk
    4.默认关闭触摸振动和通知振动

commit fc4aeee0579338a98250e3be1c69e28abefd1f41
Author: huangpei <huangpei@joyargroup.com>
Date:   Mon Jan 7 18:03:41 2019 +0800

    DDR: 3G解析补充

commit 72023628c85dd3c5fdb8f9fcd49783a9b1d68ee5
Author: huangpei <huangpei@joyargroup.com>
Date:   Mon Jan 7 14:58:49 2019 +0800

    预置3G DDR到配置表中

commit d402d50702809647ba99cd257fcaef056091ba4f
Author: zhuangwf <wenfang.zhuang@szroco.com>
Date:   Mon Jan 7 11:52:27 2019 +0800

    Fix reboot phone after set pin, occur NPE.

commit e6c2d7a79ecf9a437131e42fd25f6e0a2ec95d0f
Author: huangpei <huangpei@joyargroup.com>
Date:   Mon Jan 7 14:09:44 2019 +0800

    修复连接蓝牙键盘，键盘Esc键无作用

commit 34b9a56a124837102c97bd905f743323d5ae82b5
Author: huangpei <huangpei@joyargroup.com>
Date:   Mon Jan 7 11:52:10 2019 +0800

    DDR:更新DDR时序表，增加3GB DDR

commit e6512a311141f3da959e3a6f41e1176736d85c40
Author: zhuangwf <wenfang.zhuang@szroco.com>
Date:   Sun Jan 6 10:22:27 2019 +0800

    Brightness: 亮度均匀变化

commit cce41e247ca17d6350ea7e0ee7bd9409c684b2be
Author: huangpei <huangpei@joyargroup.com>
Date:   Sat Jan 5 18:43:34 2019 +0800

    DDR:增加3GB(2+1)ddr的解析

commit ecbca5a034b65cf4d7a07c038d80687338c6bf11
Author: hefengcai <hefengcai@joyargroup.com>
Date:   Sat Jan 5 16:47:05 2019 +0800

    Client-id修改

commit b42e8d759e74a3e2280903f320addb5b15770d3b
Author: zhou zhao <zhouzhao@szroco.com>
Date:   Mon Jan 7 16:47:29 2019 +0800

    删除 设置-显示-屏保-启用时间选项中，有“插入基座”字眼选项

commit 94f8b50c67ce210dbd6483645d3c4c91dba0dd11
Author: zhou zhao <zhouzhao@szroco.com>
Date:   Mon Jan 7 16:46:25 2019 +0800

    删除 设置-声音-默认闹钟提示音 中 重复声音文件

commit 57042d704f092c5103073b3ca4eb146cae8815f1
Author: zhou zhao <zhouzhao@szroco.com>
Date:   Mon Jan 7 16:45:23 2019 +0800

    修改antutu检测 屏幕尺寸为10.1inches

commit 14a25f49a1bdc21528dbf159e28a98ebb44f2e54
Author: zhou zhao <zhouzhao@szroco.com>
Date:   Mon Jan 7 09:08:13 2019 +0800

    Deskclock 中更新 mHasVibrator = false

commit 0d551015b15da1673e6bee0b4af80dfc05c662bd
Author: zhou zhao <zhouzhao@szroco.com>
Date:   Mon Jan 7 09:05:05 2019 +0800

    删除设置-声音中的振动相关选项

commit bb8f562a14afaf7d59e80b158fe904bde5b14070
Author: zhou zhao <zhouzhao@szroco.com>
Date:   Mon Jan 7 08:59:21 2019 +0800

     修改设置-显示-MiraVision选项报错问题

commit b0e8c17e4470933d718bf890bffa453124b50a6e
Author: zhou zhao <zhouzhao@szroco.com>
Date:   Mon Jan 7 08:57:25 2019 +0800

    设置-无障碍-互动控件中，删除振动功能设置项

commit 7688874e452430ea3d819f4fa638a4d2592bbbc9
Author: hefengcai <hefengcai@joyargroup.com>
Date:   Sat Jan 5 16:20:47 2019 +0800

    GMS:[ro.build.version.incremental]值与FINGERPRINT中不一致问题

commit 2dab4a7c91f02cfb3051264a58ec8df53b1c1f79
Author: hefengcai <hefengcai@joyargroup.com>
Date:   Sat Jan 5 15:51:22 2019 +0800

    Music:将音乐添加到新建播放列表保存弹出权限提示问题

commit 241048761898a85ac28a47a76ded6a634d357b72
Author: huangpei <huangpei@joyargroup.com>
Date:   Thu Jan 3 16:40:32 2019 +0800

    更新DDR时序表

commit d92c53372dd28341a09e13da0181639320cb38b6
Author: huangpei <huangpei@joyargroup.com>
Date:   Wed Jan 2 17:14:07 2019 +0800

    修正DDR时序表属性栏填充颜色覆盖字体了

commit 370cd3bcb59ecf5ab5365867c54cb3077aec82e2
Author: huangpei <huangpei@joyargroup.com>
Date:   Wed Jan 2 16:26:37 2019 +0800

    5867:轻轻旋转耳机拔出耳机图标没有消失-->3段4段耳机来回跳变

commit b4634e2530bececbdf8cdcdefc455f1e090e24d9
Author: hefengcai <hefengcai@joyargroup.com>
Date:   Fri Jan 4 19:41:20 2019 +0800

    更改fingerprint信息

commit aa9fee696e6ba80d48e1e17859233f0561d6c8a3
Author: hefengcai <hefengcai@joyargroup.com>
Date:   Fri Jan 4 17:25:11 2019 +0800

    GMS:FINGERPRINT中BF_BUILD_NUMBER值改用时间戳替换

commit 76bbaf12022fe2ec243a1e36cace8321075b543f
Author: hefengcai <hefengcai@joyargroup.com>
Date:   Fri Jan 4 16:07:46 2019 +0800

    壁纸居中展示

commit a574c528122fa3c8f484565ce1b1442ea09bc790
Author: hefengcai <hefengcai@joyargroup.com>
Date:   Thu Jan 3 19:53:34 2019 +0800

    更改默认亮度

commit 31890bf14229b40f8eda7cdf4b4903258700c624
Author: hefengcai <hefengcai@joyargroup.com>
Date:   Thu Jan 3 16:33:42 2019 +0800

    默认音量50%

commit 6941538b6b3158412bd34aa220cd76fe731716e4
Author: hefengcai <hefengcai@joyargroup.com>
Date:   Thu Jan 3 09:53:14 2019 +0800

    更改预置的apk路径

commit ebc8e8a40eab0cf3f52ef36854c81b4fa4aa9922
Author: hefengcai <hefengcai@joyargroup.com>
Date:   Thu Jan 3 09:27:17 2019 +0800

    OP01SoundRecorder: add SoundRecorder from O1

commit 65f7dd32428876936b6e77fb1909bd88f116b037
Author: xuchen <chen.xu@joyargroup.com>
Date:   Wed Jan 2 14:27:29 2019 +0800

    C806I: system 分区增大到2.5G

commit bdafe77ccf69d8124672a6b9c0dcd2926b22ef33
Author: xuchen <chen.xu@joyargroup.com>
Date:   Wed Jan 2 11:36:11 2019 +0800

    Battery: 修改开关机跳点

commit ff207e7317d9c4833310125aaa5ad30341781494
Author: hefengcai <hefengcai@joyargroup.com>
Date:   Wed Jan 2 16:25:04 2019 +0800

    system 分区增大到2.5g

commit 60aef6bf494de4542cf3e1ae421a5b20e855aaab
Author: xuchen <chen.xu@joyargroup.com>
Date:   Sun Dec 30 15:33:32 2018 +0800

          Items:(MT8163)
                uart.printk

commit 23b070bd848c019b311fab6f7ec0feb2b472a33f
Author: huangpei <huangpei@joyargroup.com>
Date:   Sat Dec 29 18:23:33 2018 +0800

    factory：GC2385 后摄auto测试失败修改

commit dcdb767781a168dfba302543fe226c3ea8aedb6d
Author: xuchen <chen.xu@joyargroup.com>
Date:   Sat Dec 29 16:34:36 2018 +0800

    MTK patch: t-alps-release-p0.mp6-V1.30

commit e929cf26b7fdce99a8aad92fccb0052d242a9ac3
Author: karl.kuang <kuangzc@joyargroup.com>
Date:   Thu Jan 3 10:30:14 2019 +0800

    修复横屏时下拉菜单栏，快捷图标位置偏位

commit df538816422fd2a56c7e4e3ee2f38584a989f157
Author: karl.kuang <kuangzc@joyargroup.com>
Date:   Sat Dec 29 16:12:10 2018 +0800

    删除下拉菜单闪光灯项

commit 4d832318c393d12f6ff25df5e9d53b3ebad6992f
Author: karl.kuang <kuangzc@joyargroup.com>
Date:   Sat Dec 29 15:40:51 2018 +0800

    删除设置-声音震动相关内容
    修改设置-声音-包含震动的title

commit ad3a9717f9e8f81ae88df93141eb2809ba9cea5e
Author: karl.kuang <kuangzc@joyargroup.com>
Date:   Sat Dec 29 15:36:45 2018 +0800

    删除设置-声音-通话相关内容

commit 8effa67b3dfddde7c01892d5bacfff0160284be8
Author: zhuangwf <wenfang.zhuang@szroco.com>
Date:   Sat Dec 29 11:10:58 2018 +0800

    Version:ONA19TB003_20181229

commit 99bf42e7d57f18ba5aeafa14a04fdbb50ea2560a
Author: zhuangwf <wenfang.zhuang@szroco.com>
Date:   Sat Dec 29 11:07:25 2018 +0800

    10寸电池曲线

commit f4ff57866f16e486016eddf446d01ec00d95a4ab
Author: hefengcai <hefengcai@joyargroup.com>
Date:   Fri Dec 28 22:59:59 2018 +0800

    OTA:编译失败问题

commit 4332d035d9bf701e4b1901cd372448282ee3038d
Author: hefengcai <hefengcai@joyargroup.com>
Date:   Fri Dec 28 17:24:16 2018 +0800

    1.Launcher:MtkLauncher3QuickStep-->SearchLauncher
    2.导航栏虚拟按钮
    3.喇叭没声音问题
    4.tp:10 points
    5.system分区大小

commit f0400b8583e616ecbe83d47735b9c022b3d386a2
Author: hefengcai <hefengcai@joyargroup.com>
Date:   Thu Dec 27 19:31:36 2018 +0800

    去除HDMI

commit 68acc514f590cca1ebdc5e36269cd84ebe0ec596
Author: hefengcai <hefengcai@joyargroup.com>
Date:   Wed Dec 26 20:00:28 2018 +0800

    Add Fota: ADUPS_FOTA_SUPPORT

commit f7945acc524174426f2da7572b4515830f5ad068
Author: hefengcai <hefengcai@joyargroup.com>
Date:   Thu Dec 27 09:39:26 2018 +0800

    更改时序表和clk

commit aac2bd2f9cc71dba4c469f6197ca80ac2e4e2730
Author: hefengcai <hefengcai@joyargroup.com>
Date:   Wed Dec 26 21:08:24 2018 +0800

    google文件夹名字不显示问题
    Release Version:C732I.P0.V10.1.ZX-V02.5359

commit 1dc4e8dbe89ec746e7523d76ad5be79819bbf93d
Author: hefengcai <hefengcai@joyargroup.com>
Date:   Wed Dec 26 20:02:52 2018 +0800

    更改launcher桌面

commit 1605f4ecbe793e7baed6d0322ebb2625d4a6cc93
Author: hefengcai <hefengcai@joyargroup.com>
Date:   Wed Dec 26 19:54:54 2018 +0800

    1.更改壁纸，蓝牙名称
    2.更改model,device等基本信息

commit 8d1460a8df91cac54ccfdae93b21cb0033d04417
Author: hefengcai <hefengcai@joyargroup.com>
Date:   Wed Dec 26 13:54:22 2018 +0800

    1.更改时区
    2.带NTC,charging:0~55,高于70自动关机
    3.默认开启wifi，亮度，关闭蓝牙

commit 0b9f7a17fa2811994fda3451d52444739fe61d57
Author: zhuangwf <wenfang.zhuang@szroco.com>
Date:   Wed Dec 26 14:08:02 2018 +0800

    真横屏:MTK_LCM_PHYSICAL_ROTATION = 90

commit f130c456d51fc1eb8995207c69413b0a8b373220
Author: zhuangwf <wenfang.zhuang@szroco.com>
Date:   Wed Dec 26 14:07:17 2018 +0800

    开机logo 动画

commit d8c5a8ff8d85ce56be92e6af94938c428b6dc6d8
Author: zhuangwf <wenfang.zhuang@szroco.com>
Date:   Wed Dec 26 14:01:53 2018 +0800

    10寸64位:items

commit 6ba3a65de9b4f6cbcac4812aec89e0f88bfd7d79
Author: hefengcai <hefengcai@joyargroup.com>
Date:   Tue Dec 25 17:10:24 2018 +0800

    解决导航栏星号按钮颜色状态不变问题

commit 8e21c32a70fa3ad01d3389b5e556ab17609789a1
Author: zhuangwf <wenfang.zhuang@szroco.com>
Date:   Tue Dec 25 09:57:35 2018 +0800

    10寸:c732_zs_hx8394a01_inx_wxga_ips_101 C732_DFL_WXGA_101

commit 6a1627c568858b729bd2d4d5975e0ad3d4f98135
Author: hefengcai <hefengcai@joyargroup.com>
Date:   Tue Dec 25 09:24:29 2018 +0800

    合入音频参数

commit 6b5b81710d8c77ca5dba858c447b3515071e85f0
Author: hefengcai <hefengcai@joyargroup.com>
Date:   Tue Dec 25 08:40:16 2018 +0800

    导航栏上增加启动按钮

commit 89bff4b0685e2b06a4ad84cdd86e0ba890f28974
Author: hefengcai <hefengcai@joyargroup.com>
Date:   Tue Dec 25 08:38:01 2018 +0800

    预置apk

commit 4773a4f80a7f0fa08689c9d0add718c980734fdb
Author: hefengcai <hefengcai@joyargroup.com>
Date:   Mon Dec 24 13:18:29 2018 +0800

    launcher3:searchbox移置hotseat上

commit cffc48ae25f73829219ddbb5d8a0b768721313b2
Author: hefengcai <hefengcai@joyargroup.com>
Date:   Sat Dec 22 18:08:03 2018 +0800

    更改system分区大小

commit 5efe61015420aec348bcf4ab62806143ece690df
Author: huangpei <huangpei@joyargroup.com>
Date:   Fri Dec 28 11:37:44 2018 +0800

    5951:插OTG U盘主板发烫->otg功能改为充电IC控制

commit 35fc361428584bb577592196cc0a9d5938cd864a
Author: xuchen <chen.xu@joyargroup.com>
Date:   Thu Dec 27 17:28:21 2018 +0800

    C806I: Support Keyboard

commit 124e508b47d91bcdae6cda88c97bf37161d17049
Author: xuchen <chen.xu@joyargroup.com>
Date:   Thu Dec 27 17:10:39 2018 +0800

    EMCP: EMCP兼容

commit 8ce5e7a84c119330f829f79d2f737c1f39d63f30
Author: hefengcai <hefengcai@joyargroup.com>
Date:   Thu Dec 27 16:36:26 2018 +0800

    解决开启蓝牙状态栏无蓝牙图标显示问题

commit 0a8cc9b60e0680d892f3dd03792a64d9a713ca1a
Author: xuchen <chen.xu@joyargroup.com>
Date:   Thu Dec 27 15:50:26 2018 +0800

    Input: OTG Mouse Right Buttion --> Back Fuction

commit 942fd4e50f3644083efbd167eb71a659b73779b0
Author: karl.kuang <kuangzc@joyargroup.com>
Date:   Thu Dec 27 14:10:55 2018 +0800

    modify gms.mk
    Overlay: Music2 >> MusicBspPlus

commit 7fda0a4685744985add41a410de0961d736ec9cc
Author: xuchen <chen.xu@joyargroup.com>
Date:   Thu Dec 27 14:09:17 2018 +0800

      Items:(MT8163)
            audio.two.speaker

commit b31b2b6fa941d3e5b799f017d0ad537b6f547fd7
Author: hefengcai <hefengcai@joyargroup.com>
Date:   Thu Dec 27 13:21:02 2018 +0800

    下拉菜单栏与通知栏始终保持对齐

commit 216e5baf028faf4df4a88bef148cedb01cf20384
Author: xuchen <chen.xu@joyargroup.com>
Date:   Thu Dec 27 11:49:30 2018 +0800

    C805I: Accdet use gpio26(eint4)

commit d61c2b47410fe33b2cfb2dcc927bcf6c563e0983
Author: huangpei <huangpei@joyargroup.com>
Date:   Thu Dec 27 10:34:02 2018 +0800

    64位 eng版本编译报错问题修正

commit 5598729cdda710c8b3a97e72bf91ba8dc1e40eef
Author: huangpei <huangpei@joyargroup.com>
Date:   Thu Dec 27 09:54:08 2018 +0800

    C732兼容多个型号的DDR

commit b1e47473b5bba149cde544456f3eb49b6f55e232
Author: huangpei <huangpei@joyargroup.com>
Date:   Wed Dec 26 18:35:48 2018 +0800

    修改写SN号不生效问题

commit 8bc432a5f9e9fe1f297d126ae0c068144e1b3c2b
Author: huangpei <huangpei@joyargroup.com>
Date:   Wed Dec 26 13:47:53 2018 +0800

    更新公版的ddr信息

commit 0c88d2186fe5abb9c5611d861831cafa0e44ae9a
Author: huangpei <huangpei@joyargroup.com>
Date:   Wed Dec 26 13:40:10 2018 +0800

    c732i 充电IC：FAN5405

commit 383c6c6c7ba5006c391fb30f816b1b872edf6dff
Author: xuchen <chen.xu@joyargroup.com>
Date:   Wed Dec 26 10:21:05 2018 +0800

    C806I: Add 64bit project

commit 4108839b8bdeb4e3664205e46df4576d0064770b
Author: huangpei <huangpei@joyargroup.com>
Date:   Tue Dec 25 19:45:10 2018 +0800

    C732I 64bit 工程

commit 50b6bb177fd4f822fbb19084ebdc1ec26b90d921
Author: huangpei <huangpei@joyargroup.com>
Date:   Tue Dec 25 18:23:34 2018 +0800

    64位code:camera items适配

commit 5af4fa0ca22a6de7e38829c376073d83e311e1ec
Author: karl.kuang <kuangzc@joyargroup.com>
Date:   Tue Dec 25 11:11:12 2018 +0800

    gms version:
       ro.com.google.gmsversion=9_201812
       modify the system partition

commit 4df120a0f8bd5f5b58e49812cae97eb5b5c58f47
Author: xuchen <chen.xu@joyargroup.com>
Date:   Mon Dec 24 20:02:27 2018 +0800

      Selinux:
              1, audio.useExternAmp
              2, audio.two.speaker
              3, camera.main.orientation
              4, camera.sub.orientation

commit 0c5d94fac4cac599e771aea00ec38b02018e0cc6
Author: xuchen <chen.xu@joyargroup.com>
Date:   Mon Dec 24 15:08:47 2018 +0800

      C806:
           1,TP:C806_DFL_WXGANL_101
           2,Support Hall
           3,FCHR as VOL- key

commit 361497cbcac99a9f098942f7ea19bd9ed065c23c
Author: huangpei <huangpei@joyargroup.com>
Date:   Mon Dec 24 11:36:18 2018 +0800

    C732 sdcard配置

commit b435ea7ff34c4e45557c5408ec33e4e99431e700
Author: zhengqf <zhengqf@joyargroup.com>
Date:   Sun Dec 23 15:31:01 2018 +0800

    FactoryMode: add FactoryMode

commit 03dc0a55120a07fde0379fd67ae29519a6fa2e35
Author: xuchen <chen.xu@joyargroup.com>
Date:   Sun Dec 23 14:30:53 2018 +0800

      Items:(MT8163)
            audio.useExternAmp

commit d51e7502db8997e45a9e747e5114bfdc394885b0
Author: xuchen <chen.xu@joyargroup.com>
Date:   Sun Dec 23 14:26:01 2018 +0800

    Items:(MT8163)
                   1,framework and native

commit 7586ecd818981fb14dfa587e3dc2ce04c86c4d88
Author: huangpei <huangpei@joyargroup.com>
Date:   Sat Dec 22 16:24:38 2018 +0800

    前摄 gc030Asu成像上下翻转修改

commit bd5c37cd23c561b89810e585e7287cc1f94c2164
Author: zhengqf <zhengqf@joyargroup.com>
Date:   Sat Dec 22 15:47:27 2018 +0800

    Frameworks: fix udisk not show in filemanager

commit 654de902115e503713b3b23911743fd5c1e312a0
Author: zhengqf <zhengqf@joyargroup.com>
Date:   Sat Dec 22 15:11:42 2018 +0800

    GMS:
        DONT_DEXPREOPT_PREBUILTS := false (pick up odex for gms app when)
        ro.com.google.gmsversion=9_201810

commit 60dc93e8225d5e52bc076fc6985b686b84157304
Author: huangpei <huangpei@joyargroup.com>
Date:   Sat Dec 22 14:43:56 2018 +0800

    上拉GPIO35,将OTG的Vbus拉高到5V

commit 4e527bfcec488172ca6ec68c9af5ae2a85e43d36
Author: xuchen <chen.xu@joyargroup.com>
Date:   Sat Dec 22 14:31:30 2018 +0800

    Charger: 兼容HL7005/HL7007/PR5415/PR5425

commit 5057e5db53ba0780e827e47906589933817da5e3
Author: huangpei <huangpei@joyargroup.com>
Date:   Sat Dec 22 11:07:20 2018 +0800

    c732：mc34xx gsensor 方向调整

commit 8b2620e0ec5b09f98209bf50f9e56d25a61a8ce1
Author: huangpei <huangpei@joyargroup.com>
Date:   Sat Dec 22 10:35:19 2018 +0800

    TP驱动兼容PMIC与vgp不同供电通道的上电，增加c732参数8寸

commit 690ec0564e5666636193805057dfd9757ed614ed
Author: huangpei <huangpei@joyargroup.com>
Date:   Sat Dec 22 10:32:13 2018 +0800

    更新c732 配置信息

commit 4ec311f0c14e0bf2c5e43a2d772f5d520b82bd3e
Author: huangpei <huangpei@joyargroup.com>
Date:   Sat Dec 22 10:31:01 2018 +0800

    C732增加10.1寸屏驱动

commit 7f2a941e5b2058dfb2b29e0814040e3aa092411b
Author: xuchen <chen.xu@joyargroup.com>
Date:   Fri Dec 21 16:41:34 2018 +0800

    DDR: Add Emcp(2+16)

commit 600fa48105be38163af96df8f69804787f291a68
Author: huangpei <huangpei@joyargroup.com>
Date:   Fri Dec 21 16:01:57 2018 +0800

    kernel: lcd 公用GPIO解析

commit d658a6644486458626680d57d3a482b234201917
Author: huangpei <huangpei@joyargroup.com>
Date:   Fri Dec 21 15:48:08 2018 +0800

    修改LCD驱动适应ITEMS

commit 175fff04138fcfde67b894bb1129d29922959ba7
Merge: af82bf7 300eeba
Author: xuchen <chen.xu@joyargroup.com>
Date:   Fri Dec 21 15:36:58 2018 +0800

    Merge branch 'master' of 192.168.122.239:P08163_git

commit af82bf70bddac8f1087ea4d9ffb6e18ea4eadc83
Author: xuchen <chen.xu@joyargroup.com>
Date:   Fri Dec 21 15:35:12 2018 +0800

    Camera: Camera2 always show camera icon

commit 4cf833802a09b2ff70453d2fe16ff9841a32e041
Author: xuchen <chen.xu@joyargroup.com>
Date:   Fri Dec 21 15:34:01 2018 +0800

    Camera: GC2385+GC030ASUB (MT8163)

commit 300eeba5e8e9cdbac7eed3814e49fe0586e90d4a
Author: huangpei <huangpei@joyargroup.com>
Date:   Fri Dec 21 14:24:33 2018 +0800

    增加一个TP驱动C732

commit e71df13d82f8a68fb5b0b896f26d97441cdd7748
Author: huangpei <huangpei@joyargroup.com>
Date:   Fri Dec 21 11:47:28 2018 +0800

    c732 项目增加与TP参数增加

commit 44fea8f2feb8f9078c15cc40874054854f447156
Author: xuchen <chen.xu@joyargroup.com>
Date:   Thu Dec 20 20:43:43 2018 +0800

    Touchscreen: 修改TP触摸无效

commit 61af965a682872a25fb4ab63beaa40c3f05ce685
Author: xuchen <chen.xu@joyargroup.com>
Date:   Thu Dec 20 18:24:12 2018 +0800

    G-sensor: Support Mir3d MC34xx

commit 40c9807eceabd466abb8db3d787db01b20ea4c89
Author: xuchen <chen.xu@joyargroup.com>
Date:   Thu Dec 20 11:49:43 2018 +0800

     Charger:(MT8163)
              Support Fan5405

commit 14cb414b0002dcdcb26a7c0c49cfbcbf0917b9d7
Merge: e456d08 23c9b94
Author: xuchen <chen.xu@joyargroup.com>
Date:   Wed Dec 19 21:09:51 2018 +0800

    merge public

commit e456d08a881f6b0867e6d29883de7264fcbf6f84
Author: xuchen <chen.xu@joyargroup.com>
Date:   Wed Dec 19 17:05:27 2018 +0800

    Touchscreen: Support gslX680

commit 7641e881d837e43c31b3136b046c64bc600cd7b4
Author: xuchen <chen.xu@joyargroup.com>
Date:   Wed Dec 19 16:51:10 2018 +0800

      Emmc:(MT8163)
           ldo_vemc3v3 always on

commit 99e80adac33372c9601b71ad5118f9884cb4cc26
Author: xuchen <chen.xu@joyargroup.com>
Date:   Wed Dec 19 15:18:15 2018 +0800

    Project: Add C806I

commit 29c4290b4e44cb190eae84137417d08412dff5da
Author: xuchen <chen.xu@joyargroup.com>
Date:   Wed Dec 19 11:41:09 2018 +0800

         DDR:(MT8163)
              custom_MemoryDevice.h add EMI_CLK setting custom ddr freq

commit 469ef93565d731cca1178b3a51c3a19bac05eef3
Author: xuchen <chen.xu@joyargroup.com>
Date:   Wed Dec 19 11:03:41 2018 +0800

         Items:(MT8163)
               1,Preloader
               2.LK
               3.Kernel-4.9

commit 0dc3b4961b31797e2418e79612e4c22f47833df4
Author: xuchen <chen.xu@joyargroup.com>
Date:   Wed Dec 19 10:39:52 2018 +0800

        LCM: (MT8163)
            1. move kernel lcm to mid
            2. move LK lcm to mid

commit 65a55d6f3d978e4d4572c040c1e5b8958ef64728
Author: xuchen <chen.xu@joyargroup.com>
Date:   Wed Dec 19 10:36:47 2018 +0800

            BuildTools:(MT8163)
                1.DCT:  Redirection codegen.dws to mid
                2.DDR:  Redirection custom_MemoryDevice.h to mid
                3.CFG:  Merge roco ProjectConfig.mk to Common ProjectConfig.mk
                4.PL :  Add difference config to mid xx_pl.mk
                5.LK :  Add difference config to mid xx_lk.mk
                6.KERNEL: Merge mid xxx_defconfig xxx_debug_defconfig to mid
                7.PTGEN: Redirection partition_table_MTxxxx.xls to mid  (可修改system.img大小)
                8.ROCO:   MID_PROJECT env must set for build
                9.lunch:  Add mid project lunch menu for auto set MID_PROJECT env
                10.ProjectConfig:    copy ProjectConfig > /system/data/misc/ProjectConfig.mk
                11.LOGO:   Redirection logo to roco
                12.buildprop:  system.prop > build.prop
                13.items: Auto cp items*.ini to out/target/product/$(TARGET_DEVICE)
                14.deleted:    frameworks/data-binding/integration-tests/App With Spaces/app/.gitignore

commit 23c9b9452d64b95c9b4d278aea4c9fa467c55bd9
Author: huangpei <huangpei@joyargroup.com>
Date:   Wed Dec 19 13:56:45 2018 +0800

    dts配置与新增lcd驱动:c716_zs_hx8394a01_inx_wxga_ips_8配置

commit 7b713ff7f1f80d4112ffe0bd70bb202f250a451a
Author: huangpei <huangpei@joyargroup.com>
Date:   Wed Dec 19 13:46:37 2018 +0800

    DDR 信息配置,CLOCK = 1066

commit b1961c8c34fa096530d619959581f662f1e15a32
Author: Jerry <hexh@szroco.com>
Date:   Tue Dec 18 17:31:39 2018 +0800

    t-alps-release-p0.mp6-V1.20
